<?xml version="1.0" encoding="UTF-8"?>
<!-- Generated by org.testng.reporters.JUnitReportReporter -->
<testsuite hostname="DESKTOP-ITT96FI" failures="0" tests="1" name="test.TC001" time="0.000" errors="0" timestamp="2024-12-22T18:33:27 IST" skipped="1">
  <testcase classname="test.TC001" name="Test1" time="0.000">
    <skipped/>
  </testcase> <!-- Test1 -->
  <system-out/>
</testsuite> <!-- test.TC001 -->
