<?xml version="1.0" encoding="UTF-8"?>
<!-- Generated by org.testng.reporters.JUnitReportReporter -->
<testsuite hostname="DESKTOP-ITT96FI" failures="0" tests="2" name="test.TC005_ValidateBookingMenu" time="44.538" errors="0" timestamp="2025-01-11T19:43:10 IST" skipped="0">
  <testcase classname="test.TC005_ValidateBookingMenu" name="ManuValidationTest" time="25.432"/>
  <system-out/>
  <testcase classname="test.TC005_ValidateBookingMenu" name="ManuValidationTest" time="19.106"/>
  <system-out/>
</testsuite> <!-- test.TC005_ValidateBookingMenu -->
