<?xml version="1.0" encoding="UTF-8"?>
<!-- Generated by org.testng.reporters.JUnitReportReporter -->
<testsuite hostname="DESKTOP-ITT96FI" failures="0" tests="2" name="test.TC006_ValidateFlightBooking" time="55.211" errors="0" timestamp="2025-01-11T19:43:10 IST" skipped="0">
  <testcase classname="test.TC006_ValidateFlightBooking" name="FlightBooking" time="21.135"/>
  <system-out/>
  <testcase classname="test.TC006_ValidateFlightBooking" name="FlightBooking" time="34.076"/>
  <system-out/>
</testsuite> <!-- test.TC006_ValidateFlightBooking -->
