<?xml version="1.0" encoding="UTF-8"?>
<!-- Generated by org.testng.reporters.JUnitReportReporter -->
<testsuite hostname="DESKTOP-ITT96FI" failures="0" tests="2" name="test.TC004_RoundTripBooking" time="61.285" errors="0" timestamp="2025-01-11T19:43:10 IST" skipped="0">
  <testcase classname="test.TC004_RoundTripBooking" name="RoundTripTest" time="36.813"/>
  <system-out/>
  <testcase classname="test.TC004_RoundTripBooking" name="RoundTripTest" time="24.472"/>
  <system-out/>
</testsuite> <!-- test.TC004_RoundTripBooking -->
