<?xml version="1.0" encoding="UTF-8"?>
<!-- Generated by org.testng.reporters.JUnitReportReporter -->
<testsuite hostname="DESKTOP-ITT96FI" failures="0" tests="2" name="test.TC001_Signup" time="59.748" errors="0" timestamp="2025-01-11T19:43:10 IST" skipped="0">
  <testcase classname="test.TC001_Signup" name="SignupTest" time="35.093"/>
  <system-out/>
  <testcase classname="test.TC001_Signup" name="SignupTest" time="24.655"/>
  <system-out/>
</testsuite> <!-- test.TC001_Signup -->
